#
# There is insufficient memory for the Java Runtime Environment to continue.
# Native memory allocation (malloc) failed to allocate 1729632 bytes for Chunk::new
# Possible reasons:
#   The system is out of physical RAM or swap space
#   The process is running with CompressedOops enabled, and the Java Heap may be blocking the growth of the native heap
# Possible solutions:
#   Reduce memory load on the system
#   Increase physical memory or swap space
#   Check if swap backing store is full
#   Decrease Java heap size (-Xmx/-Xms)
#   Decrease number of Java threads
#   Decrease Java thread stack sizes (-Xss)
#   Set larger code cache with -XX:ReservedCodeCacheSize=
#   JVM is running with Unscaled Compressed Oops mode in which the Java heap is
#     placed in the first 4GB address space. The Java Heap base address is the
#     maximum limit for the native heap growth. Please use -XX:HeapBaseMinAddress
#     to set the Java Heap base and to place the Java Heap above 4GB virtual address.
# This output file may be truncated or incomplete.
#
#  Out of Memory Error (allocation.cpp:389), pid=1648, tid=0x0000000000002b60
#
# JRE version: OpenJDK Runtime Environment (8.0_242-b01) (build 1.8.0_242-release-1644-b01)
# Java VM: OpenJDK 64-Bit Server VM (25.242-b01 mixed mode windows-amd64 compressed oops)
# Failed to write core dump. Minidumps are not enabled by default on client versions of Windows
#

---------------  T H R E A D  ---------------

Current thread (0x000000001793b800):  JavaThread "C2 CompilerThread1" daemon [_thread_in_native, id=11104, stack(0x00000000190b0000,0x00000000191b0000)]

Stack: [0x00000000190b0000,0x00000000191b0000]
[error occurred during error reporting (printing stack bounds), id 0xc0000005]

Native frames: (J=compiled Java code, j=interpreted, Vv=VM code, C=native code)


Current CompileTask:
C2:  16400 5014   !   4       java.net.URLClassLoader::definePackageInternal (81 bytes)


---------------  P R O C E S S  ---------------

Java Threads: ( => current thread )
  0x000000001f427000 
[error occurred during error reporting (printing all threads), id 0xc0000005]

VM state:at safepoint (normal execution)

VM Mutex/Monitor currently owned by a thread:  ([mutex/lock_event])
[0x0000000002c0d230] Threads_lock - owner thread: 0x00000000178f6800
[0x0000000002c0c730] Heap_lock - owner thread: 0x000000001b466000

heap address: 0x0000000080000000, size: 2048 MB, Compressed Oops mode: 32-bit
Narrow klass base: 0x0000000000000000, Narrow klass shift: 3
Compressed class space size: 1073741824 Address: 0x0000000100000000

Heap:
 PSYoungGen      total 135168K, used 8630K [0x00000000d5580000, 0x00000000dea00000, 0x0000000100000000)
  eden space 125952K, 0% used [0x00000000d5580000,0x00000000d5580000,0x00000000dd080000)
  from space 9216K, 93% used [0x00000000de100000,0x00000000de96d880,0x00000000dea00000)
  to   space 11776K, 0% used [0x00000000dd300000,0x00000000dd300000,0x00000000dde80000)
 ParOldGen       total 67584K, used 33986K [0x0000000080000000, 0x0000000084200000, 0x00000000d5580000)
  object space 67584K, 50% used [0x0000000080000000,0x0000000082130b60,0x0000000084200000)
 Metaspace       used 56810K, capacity 59046K, committed 59160K, reserved 1099776K
  class space    used 7699K, capacity 8182K, committed 8240K, reserved 1048576K

Card table byte_map: [0x00000000120d0000,0x00000000124e0000] byte_map_base: 0x0000000011cd0000

Marking Bits: (ParMarkBitMap*) 0x000000005254f030
 Begin Bits: [0x0000000012b90000, 0x0000000014b90000)
 End Bits:   [0x0000000014b90000, 0x0000000016b90000)

Polling page: 0x0000000001430000

CodeCache: size=245760Kb used=16308Kb max_used=16320Kb free=229451Kb
 bounds [0x0000000002d10000, 0x0000000003d10000, 0x0000000011d10000]
 total_blobs=5567 nmethods=4798 adapters=681
 compilation: enabled

Compilation events (10 events):
Event: 16.202 Thread 0x0000000017932800 nmethod 5208 0x0000000003d02650 code [0x0000000003d027c0, 0x0000000003d02ce8]
Event: 16.207 Thread 0x0000000017932800 5210       4       java.beans.Introspector::decapitalize (68 bytes)
Event: 16.213 Thread 0x0000000017943800 5212       1       org.gradle.api.internal.tasks.properties.annotations.OutputPropertyRoleAnnotationHandler::getAnnotationTypes (5 bytes)
Event: 16.213 Thread 0x0000000017943800 nmethod 5212 0x0000000003d02390 code [0x0000000003d024e0, 0x0000000003d025f0]
Event: 16.217 Thread 0x0000000017943800 5213       3       com.google.common.collect.AbstractSetMultimap::<init> (6 bytes)
Event: 16.217 Thread 0x0000000017943800 nmethod 5213 0x0000000003d01ad0 code [0x0000000003d01c80, 0x0000000003d02118]
Event: 16.218 Thread 0x0000000017932800 nmethod 5210 0x0000000003d0ba90 code [0x0000000003d0bc00, 0x0000000003d0c118]
Event: 16.218 Thread 0x0000000017932800 5211       4       java.util.LinkedHashMap::get (33 bytes)
Event: 16.223 Thread 0x0000000017932800 nmethod 5211 0x0000000003d0c6d0 code [0x0000000003d0c840, 0x0000000003d0cb48]
Event: 16.223 Thread 0x0000000017932800 5214       4       org.gradle.internal.reflect.PropertyAccessorType::of (95 bytes)

GC Heap History (10 events):
Event: 9.286 GC heap after
Heap after GC invocations=10 (full 1):
 PSYoungGen      total 137728K, used 11445K [0x00000000d5580000, 0x00000000dea00000, 0x0000000100000000)
  eden space 125952K, 0% used [0x00000000d5580000,0x00000000d5580000,0x00000000dd080000)
  from space 11776K, 97% used [0x00000000dd300000,0x00000000dde2d540,0x00000000dde80000)
  to   space 9216K, 0% used [0x00000000de100000,0x00000000de100000,0x00000000dea00000)
 ParOldGen       total 47104K, used 6690K [0x0000000080000000, 0x0000000082e00000, 0x00000000d5580000)
  object space 47104K, 14% used [0x0000000080000000,0x0000000080688a70,0x0000000082e00000)
 Metaspace       used 34260K, capacity 35412K, committed 35496K, reserved 1079296K
  class space    used 4719K, capacity 5001K, committed 5040K, reserved 1048576K
}
Event: 9.286 GC heap before
{Heap before GC invocations=11 (full 2):
 PSYoungGen      total 137728K, used 11445K [0x00000000d5580000, 0x00000000dea00000, 0x0000000100000000)
  eden space 125952K, 0% used [0x00000000d5580000,0x00000000d5580000,0x00000000dd080000)
  from space 11776K, 97% used [0x00000000dd300000,0x00000000dde2d540,0x00000000dde80000)
  to   space 9216K, 0% used [0x00000000de100000,0x00000000de100000,0x00000000dea00000)
 ParOldGen       total 47104K, used 6690K [0x0000000080000000, 0x0000000082e00000, 0x00000000d5580000)
  object space 47104K, 14% used [0x0000000080000000,0x0000000080688a70,0x0000000082e00000)
 Metaspace       used 34260K, capacity 35412K, committed 35496K, reserved 1079296K
  class space    used 4719K, capacity 5001K, committed 5040K, reserved 1048576K
Event: 9.438 GC heap after
Heap after GC invocations=11 (full 2):
 PSYoungGen      total 137728K, used 0K [0x00000000d5580000, 0x00000000dea00000, 0x0000000100000000)
  eden space 125952K, 0% used [0x00000000d5580000,0x00000000d5580000,0x00000000dd080000)
  from space 11776K, 0% used [0x00000000dd300000,0x00000000dd300000,0x00000000dde80000)
  to   space 9216K, 0% used [0x00000000de100000,0x00000000de100000,0x00000000dea00000)
 ParOldGen       total 67584K, used 17656K [0x0000000080000000, 0x0000000084200000, 0x00000000d5580000)
  object space 67584K, 26% used [0x0000000080000000,0x000000008113e0d8,0x0000000084200000)
 Metaspace       used 34260K, capacity 35412K, committed 35496K, reserved 1079296K
  class space    used 4719K, capacity 5001K, committed 5040K, reserved 1048576K
}
Event: 11.480 GC heap before
{Heap before GC invocations=12 (full 2):
 PSYoungGen      total 137728K, used 125952K [0x00000000d5580000, 0x00000000dea00000, 0x0000000100000000)
  eden space 125952K, 100% used [0x00000000d5580000,0x00000000dd080000,0x00000000dd080000)
  from space 11776K, 0% used [0x00000000dd300000,0x00000000dd300000,0x00000000dde80000)
  to   space 9216K, 0% used [0x00000000de100000,0x00000000de100000,0x00000000dea00000)
 ParOldGen       total 67584K, used 17656K [0x0000000080000000, 0x0000000084200000, 0x00000000d5580000)
  object space 67584K, 26% used [0x0000000080000000,0x000000008113e0d8,0x0000000084200000)
 Metaspace       used 38687K, capacity 40300K, committed 40616K, reserved 1083392K
  class space    used 5330K, capacity 5708K, committed 5808K, reserved 1048576K
Event: 11.494 GC heap after
Heap after GC invocations=12 (full 2):
 PSYoungGen      total 135168K, used 8790K [0x00000000d5580000, 0x00000000dea00000, 0x0000000100000000)
  eden space 125952K, 0% used [0x00000000d5580000,0x00000000d5580000,0x00000000dd080000)
  from space 9216K, 95% used [0x00000000de100000,0x00000000de995af8,0x00000000dea00000)
  to   space 11776K, 0% used [0x00000000dd300000,0x00000000dd300000,0x00000000dde80000)
 ParOldGen       total 67584K, used 17664K [0x0000000080000000, 0x0000000084200000, 0x00000000d5580000)
  object space 67584K, 26% used [0x0000000080000000,0x00000000811400d8,0x0000000084200000)
 Metaspace       used 38687K, capacity 40300K, committed 40616K, reserved 1083392K
  class space    used 5330K, capacity 5708K, committed 5808K, reserved 1048576K
}
Event: 14.841 GC heap before
{Heap before GC invocations=13 (full 2):
 PSYoungGen      total 135168K, used 134742K [0x00000000d5580000, 0x00000000dea00000, 0x0000000100000000)
  eden space 125952K, 100% used [0x00000000d5580000,0x00000000dd080000,0x00000000dd080000)
  from space 9216K, 95% used [0x00000000de100000,0x00000000de995af8,0x00000000dea00000)
  to   space 11776K, 0% used [0x00000000dd300000,0x00000000dd300000,0x00000000dde80000)
 ParOldGen       total 67584K, used 17664K [0x0000000080000000, 0x0000000084200000, 0x00000000d5580000)
  object space 67584K, 26% used [0x0000000080000000,0x00000000811400d8,0x0000000084200000)
 Metaspace       used 52108K, capacity 54058K, committed 54312K, reserved 1095680K
  class space    used 6935K, capacity 7381K, committed 7472K, reserved 1048576K
Event: 14.869 GC heap after
Heap after GC invocations=13 (full 2):
 PSYoungGen      total 137728K, used 11769K [0x00000000d5580000, 0x00000000dea00000, 0x0000000100000000)
  eden space 125952K, 0% used [0x00000000d5580000,0x00000000d5580000,0x00000000dd080000)
  from space 11776K, 99% used [0x00000000dd300000,0x00000000dde7e728,0x00000000dde80000)
  to   space 9216K, 0% used [0x00000000de100000,0x00000000de100000,0x00000000dea00000)
 ParOldGen       total 67584K, used 26743K [0x0000000080000000, 0x0000000084200000, 0x00000000d5580000)
  object space 67584K, 39% used [0x0000000080000000,0x0000000081a1dd28,0x0000000084200000)
 Metaspace       used 52108K, capacity 54058K, committed 54312K, reserved 1095680K
  class space    used 6935K, capacity 7381K, committed 7472K, reserved 1048576K
}
Event: 16.230 GC heap before
{Heap before GC invocations=14 (full 2):
 PSYoungGen      total 137728K, used 83523K [0x00000000d5580000, 0x00000000dea00000, 0x0000000100000000)
  eden space 125952K, 56% used [0x00000000d5580000,0x00000000d9b92770,0x00000000dd080000)
  from space 11776K, 99% used [0x00000000dd300000,0x00000000dde7e728,0x00000000dde80000)
  to   space 9216K, 0% used [0x00000000de100000,0x00000000de100000,0x00000000dea00000)
 ParOldGen       total 67584K, used 26743K [0x0000000080000000, 0x0000000084200000, 0x00000000d5580000)
  object space 67584K, 39% used [0x0000000080000000,0x0000000081a1dd28,0x0000000084200000)
 Metaspace       used 56810K, capacity 59046K, committed 59160K, reserved 1099776K
  class space    used 7699K, capacity 8182K, committed 8240K, reserved 1048576K
Event: 16.258 GC heap after
Heap after GC invocations=14 (full 2):
 PSYoungGen      total 135168K, used 8630K [0x00000000d5580000, 0x00000000dea00000, 0x0000000100000000)
  eden space 125952K, 0% used [0x00000000d5580000,0x00000000d5580000,0x00000000dd080000)
  from space 9216K, 93% used [0x00000000de100000,0x00000000de96d880,0x00000000dea00000)
  to   space 11776K, 0% used [0x00000000dd300000,0x00000000dd300000,0x00000000dde80000)
 ParOldGen       total 67584K, used 33986K [0x0000000080000000, 0x0000000084200000, 0x00000000d5580000)
  object space 67584K, 50% used [0x0000000080000000,0x0000000082130b60,0x0000000084200000)
 Metaspace       used 56810K, capacity 59046K, committed 59160K, reserved 1099776K
  class space    used 7699K, capacity 8182K, committed 8240K, reserved 1048576K
}
Event: 16.258 GC heap before
{Heap before GC invocations=15 (full 3):
 PSYoungGen      total 135168K, used 8630K [0x00000000d5580000, 0x00000000dea00000, 0x0000000100000000)
  eden space 125952K, 0% used [0x00000000d5580000,0x00000000d5580000,0x00000000dd080000)
  from space 9216K, 93% used [0x00000000de100000,0x00000000de96d880,0x00000000dea00000)
  to   space 11776K, 0% used [0x00000000dd300000,0x00000000dd300000,0x00000000dde80000)
 ParOldGen       total 67584K, used 33986K [0x0000000080000000, 0x0000000084200000, 0x00000000d5580000)
  object space 67584K, 50% used [0x0000000080000000,0x0000000082130b60,0x0000000084200000)
 Metaspace       used 56810K, capacity 59046K, committed 59160K, reserved 1099776K
  class space    used 7699K, capacity 8182K, committed 8240K, reserved 1048576K

Deoptimization events (10 events):
Event: 14.506 Thread 0x000000001b466000 Uncommon trap: reason=unstable_if action=reinterpret pc=0x0000000002efbe24 method=java.lang.String.replace(CC)Ljava/lang/String; @ 2
Event: 14.512 Thread 0x000000001b466000 Uncommon trap: reason=bimorphic action=maybe_recompile pc=0x00000000038e7974 method=org.codehaus.groovy.runtime.metaclass.MetaMethodIndex.addMethodToList(Ljava/lang/Object;Lgroovy/lang/MetaMethod;)Ljava/lang/Object; @ 96
Event: 14.512 Thread 0x000000001b466000 Uncommon trap: reason=unstable_if action=reinterpret pc=0x00000000037ac81c method=groovy.lang.MetaClassImpl$1MOPIter.methodNameAction(Ljava/lang/Class;Lorg/codehaus/groovy/runtime/metaclass/MetaMethodIndex$Entry;)V @ 182
Event: 14.669 Thread 0x000000001b466000 Uncommon trap: reason=unstable_if action=reinterpret pc=0x00000000030e8924 method=java.lang.String.lastIndexOf([CII[CIII)I @ 17
Event: 14.669 Thread 0x000000001b466000 Uncommon trap: reason=unstable_if action=reinterpret pc=0x000000000341ade4 method=sun.net.www.protocol.jar.Handler.parseURL(Ljava/net/URL;Ljava/lang/String;II)V @ 116
Event: 14.696 Thread 0x000000001b466000 Uncommon trap: reason=unstable_if action=reinterpret pc=0x0000000002f749bc method=java.util.concurrent.ConcurrentHashMap.putVal(Ljava/lang/Object;Ljava/lang/Object;Z)Ljava/lang/Object; @ 195
Event: 14.953 Thread 0x000000001b466000 Uncommon trap: reason=null_check action=make_not_entrant pc=0x00000000034af75c method=java.lang.Class.searchMethods([Ljava/lang/reflect/Method;Ljava/lang/String;[Ljava/lang/Class;)Ljava/lang/reflect/Method; @ 59
Event: 15.028 Thread 0x000000001b466000 Uncommon trap: reason=class_check action=maybe_recompile pc=0x0000000003471610 method=java.util.WeakHashMap.eq(Ljava/lang/Object;Ljava/lang/Object;)Z @ 7
Event: 15.945 Thread 0x000000001b466000 Uncommon trap: reason=unstable_if action=reinterpret pc=0x0000000003a2d668 method=sun.misc.MetaIndex.mayContain(Ljava/lang/String;)Z @ 38
Event: 15.949 Thread 0x000000001b466000 Uncommon trap: reason=unstable_if action=reinterpret pc=0x0000000003b8074c method=java.security.CodeSource.hashCode()I @ 4

Classes redefined (0 events):
No events

Internal exceptions (10 events):
Event: 15.107 Thread 0x000000001b466000 Exception <a 'java/lang/ClassNotFoundException': org/jetbrains/kotlin/gradle/dsl/KotlinJvmOptionsImplCustomizer> (0x00000000d6d354a8) thrown at [C:\src\AOSP-openjdk-git\hotspot\src\share\vm\classfile\systemDictionary.cpp, line 210]
Event: 15.112 Thread 0x000000001b466000 Exception <a 'java/lang/ClassNotFoundException': org/gradle/api/plugins/internal/DefaultBasePluginConventionBeanInfo> (0x00000000d6de43a0) thrown at [C:\src\AOSP-openjdk-git\hotspot\src\share\vm\classfile\systemDictionary.cpp, line 210]
Event: 15.113 Thread 0x000000001b466000 Exception <a 'java/lang/ClassNotFoundException': org/gradle/api/plugins/BasePluginConventionBeanInfo> (0x00000000d6e2ff90) thrown at [C:\src\AOSP-openjdk-git\hotspot\src\share\vm\classfile\systemDictionary.cpp, line 210]
Event: 15.114 Thread 0x000000001b466000 Exception <a 'java/lang/ClassNotFoundException': org/gradle/api/plugins/BasePluginConventionCustomizer> (0x00000000d6e7d110) thrown at [C:\src\AOSP-openjdk-git\hotspot\src\share\vm\classfile\systemDictionary.cpp, line 210]
Event: 15.117 Thread 0x000000001b466000 Exception <a 'java/lang/ClassNotFoundException': org/gradle/api/plugins/internal/DefaultBasePluginConventionCustomizer> (0x00000000d6eedf60) thrown at [C:\src\AOSP-openjdk-git\hotspot\src\share\vm\classfile\systemDictionary.cpp, line 210]
Event: 15.123 Thread 0x000000001b466000 Exception <a 'java/lang/ClassNotFoundException': org/gradle/api/plugins/internal/DefaultJavaPluginConventionBeanInfo> (0x00000000d6fa19b0) thrown at [C:\src\AOSP-openjdk-git\hotspot\src\share\vm\classfile\systemDictionary.cpp, line 210]
Event: 15.124 Thread 0x000000001b466000 Exception <a 'java/lang/ClassNotFoundException': org/gradle/api/plugins/JavaPluginConventionBeanInfo> (0x00000000d6fed520) thrown at [C:\src\AOSP-openjdk-git\hotspot\src\share\vm\classfile\systemDictionary.cpp, line 210]
Event: 15.126 Thread 0x000000001b466000 Exception <a 'java/lang/ClassNotFoundException': org/gradle/api/plugins/JavaPluginConventionCustomizer> (0x00000000d703a6a0) thrown at [C:\src\AOSP-openjdk-git\hotspot\src\share\vm\classfile\systemDictionary.cpp, line 210]
Event: 15.129 Thread 0x000000001b466000 Exception <a 'java/lang/ClassNotFoundException': org/gradle/api/plugins/internal/DefaultJavaPluginConventionCustomizer> (0x00000000d70b3ea8) thrown at [C:\src\AOSP-openjdk-git\hotspot\src\share\vm\classfile\systemDictionary.cpp, line 210]
Event: 15.949 Thread 0x000000001b466000 Implicit null exception at 0x0000000003b80455 to 0x0000000003b8073d

Events (10 events):
Event: 16.227 loading class com/android/build/api/variant/impl/VariantOutputImpl done
Event: 16.227 loading class com/android/build/gradle/internal/dsl/VariantOutputFactory
Event: 16.227 loading class com/android/build/gradle/internal/dsl/VariantOutputFactory done
Event: 16.228 loading class com/android/build/api/variant/FilterConfiguration
Event: 16.228 loading class com/android/build/api/variant/FilterConfiguration done
Event: 16.229 loading class com/android/build/gradle/internal/ide/FilterDataImpl
Event: 16.229 loading class com/android/build/gradle/internal/ide/FilterDataImpl done
Event: 16.230 loading class com/android/build/gradle/internal/scope/GradleAwareFilterData
Event: 16.230 loading class com/android/build/gradle/internal/scope/GradleAwareFilterData done
Event: 16.230 Executing VM operation: CollectForMetadataAllocation


Dynamic libraries:
0x00007ff7c7b20000 - 0x00007ff7c7b51000 	D:\Android\Android Studio\jre\bin\java.exe
0x00007fff1e270000 - 0x00007fff1e465000 	C:\WINDOWS\SYSTEM32\ntdll.dll
0x00007ffef70d0000 - 0x00007ffef70e3000 	C:\Program Files\AVG\Antivirus\aswhook.dll
0x00007fff1de50000 - 0x00007fff1df0d000 	C:\WINDOWS\System32\KERNEL32.DLL
0x00007fff1bb40000 - 0x00007fff1be08000 	C:\WINDOWS\System32\KERNELBASE.dll
0x00007fff1c5a0000 - 0x00007fff1c64c000 	C:\WINDOWS\System32\ADVAPI32.dll
0x00007fff1d700000 - 0x00007fff1d79e000 	C:\WINDOWS\System32\msvcrt.dll
0x00007fff1c6c0000 - 0x00007fff1c75b000 	C:\WINDOWS\System32\sechost.dll
0x00007fff1c470000 - 0x00007fff1c59b000 	C:\WINDOWS\System32\RPCRT4.dll
0x00007fff1d560000 - 0x00007fff1d700000 	C:\WINDOWS\System32\USER32.dll
0x00007fff1c0f0000 - 0x00007fff1c112000 	C:\WINDOWS\System32\win32u.dll
0x00007fff1e040000 - 0x00007fff1e06a000 	C:\WINDOWS\System32\GDI32.dll
0x00007fff1be90000 - 0x00007fff1bf9b000 	C:\WINDOWS\System32\gdi32full.dll
0x00007fff1c1d0000 - 0x00007fff1c26d000 	C:\WINDOWS\System32\msvcp_win.dll
0x00007fff1bff0000 - 0x00007fff1c0f0000 	C:\WINDOWS\System32\ucrtbase.dll
0x00007fff0ee20000 - 0x00007fff0f0ba000 	C:\WINDOWS\WinSxS\amd64_microsoft.windows.common-controls_6595b64144ccf1df_6.0.19041.844_none_ca00b6081b84eb1d\COMCTL32.dll
0x00007fff1dc10000 - 0x00007fff1dc40000 	C:\WINDOWS\System32\IMM32.DLL
0x0000000052810000 - 0x00000000528e2000 	D:\Android\Android Studio\jre\jre\bin\msvcr100.dll
0x0000000051d80000 - 0x00000000525cb000 	D:\Android\Android Studio\jre\jre\bin\server\jvm.dll
0x00007fff1e070000 - 0x00007fff1e078000 	C:\WINDOWS\System32\PSAPI.DLL
0x00007fff10480000 - 0x00007fff104a7000 	C:\WINDOWS\SYSTEM32\WINMM.dll
0x00007fff0fbb0000 - 0x00007fff0fbb9000 	C:\WINDOWS\SYSTEM32\WSOCK32.dll
0x00007fff13710000 - 0x00007fff1371a000 	C:\WINDOWS\SYSTEM32\VERSION.dll
0x00007fff1c650000 - 0x00007fff1c6bb000 	C:\WINDOWS\System32\WS2_32.dll
0x00007fff15ee0000 - 0x00007fff15eef000 	D:\Android\Android Studio\jre\jre\bin\verify.dll
0x00007fff0b8b0000 - 0x00007fff0b8d9000 	D:\Android\Android Studio\jre\jre\bin\java.dll
0x00007fff14c40000 - 0x00007fff14c56000 	D:\Android\Android Studio\jre\jre\bin\zip.dll
0x00007fff1c7f0000 - 0x00007fff1cf32000 	C:\WINDOWS\System32\SHELL32.dll
0x00007fff190c0000 - 0x00007fff19850000 	C:\WINDOWS\SYSTEM32\windows.storage.dll
0x00007fff1d1f0000 - 0x00007fff1d545000 	C:\WINDOWS\System32\combase.dll
0x00007fff1b350000 - 0x00007fff1b37c000 	C:\WINDOWS\SYSTEM32\Wldp.dll
0x00007fff1df90000 - 0x00007fff1e03e000 	C:\WINDOWS\System32\SHCORE.dll
0x00007fff1d130000 - 0x00007fff1d185000 	C:\WINDOWS\System32\shlwapi.dll
0x00007fff1b8f0000 - 0x00007fff1b90f000 	C:\WINDOWS\SYSTEM32\profapi.dll
0x00007fff159a0000 - 0x00007fff159ba000 	D:\Android\Android Studio\jre\jre\bin\net.dll
0x00007fff1b0c0000 - 0x00007fff1b12a000 	C:\WINDOWS\system32\mswsock.dll
0x00007fff07e80000 - 0x00007fff07e93000 	D:\Android\Android Studio\jre\jre\bin\nio.dll
0x00007fff0b850000 - 0x00007fff0b877000 	C:\Users\rarhn\.gradle\native\f6784746aeab05261644944871eae4fe03e0ef1612fff0a4a95f87b438bc6780\windows-amd64\native-platform.dll
0x00007fff15b90000 - 0x00007fff15b9d000 	D:\Android\Android Studio\jre\jre\bin\management.dll
0x00007fff1b2a0000 - 0x00007fff1b2b8000 	C:\WINDOWS\SYSTEM32\CRYPTSP.dll
0x00007fff1aa60000 - 0x00007fff1aa94000 	C:\WINDOWS\system32\rsaenh.dll
0x00007fff1b9b0000 - 0x00007fff1b9d7000 	C:\WINDOWS\System32\bcrypt.dll
0x00007fff1b870000 - 0x00007fff1b89e000 	C:\WINDOWS\SYSTEM32\USERENV.dll
0x00007fff1be10000 - 0x00007fff1be90000 	C:\WINDOWS\System32\bcryptprimitives.dll
0x00007fff1b290000 - 0x00007fff1b29c000 	C:\WINDOWS\SYSTEM32\CRYPTBASE.dll
0x00007fff1adb0000 - 0x00007fff1adeb000 	C:\WINDOWS\SYSTEM32\IPHLPAPI.DLL
0x00007fff1d550000 - 0x00007fff1d558000 	C:\WINDOWS\System32\NSI.dll
0x00007fff11ae0000 - 0x00007fff11af7000 	C:\WINDOWS\SYSTEM32\dhcpcsvc6.DLL
0x00007fff123b0000 - 0x00007fff123cd000 	C:\WINDOWS\SYSTEM32\dhcpcsvc.DLL
0x00007fff1adf0000 - 0x00007fff1aebc000 	C:\WINDOWS\SYSTEM32\DNSAPI.dll
0x00007fff12a60000 - 0x00007fff12a6b000 	C:\WINDOWS\SYSTEM32\WINNSI.DLL

VM Arguments:
jvm_args: -Xmx2048m -Dfile.encoding=UTF-8 -Duser.country=US -Duser.language=en -Duser.variant 
java_command: org.gradle.launcher.daemon.bootstrap.GradleDaemon 6.5
java_class_path (initial): C:\Users\rarhn\.gradle\wrapper\dists\gradle-6.5-bin\6nifqtx7604sqp1q6g8wikw7p\gradle-6.5\lib\gradle-launcher-6.5.jar
Launcher Type: SUN_STANDARD

Environment Variables:
PATH=D:\MATLAB\R2019b\bin;D:\MATLAB\R2019b\bin\win64;C:\Program Files\AdoptOpenJDK\jdk-8.0.242.08-hotspot\bin;C:\Program Files (x86)\Common Files\Oracle\Java\javapath;C:\WINDOWS\system32;C:\WINDOWS;C:\WINDOWS\System32\Wbem;C:\WINDOWS\System32\WindowsPowerShell\v1.0\;C:\Program Files (x86)\Common Files\lenovo\easyplussdk\bin;C:\Program Files\Intel\WiFi\bin\;C:\Program Files\Common Files\Intel\WirelessCommon\;C:\WINDOWS\System32\OpenSSH\;C:\Program Files (x86)\STMicroelectronics\STM32 ST-LINK Utility\ST-LINK Utility;C:\Program Files (x86)\sbt\bin;D:\MATLAB\R2020a\runtime\win64;D:\MATLAB\R2020a\bin;C:\Users\rarhn\AppData\Local\Microsoft\WindowsApps;D:\JetBrains\IntelliJ IDEA 2019.3.2\bin;C:\WINDOWS\system32;C:\WINDOWS;C:\WINDOWS\System32\Wbem;C:\WINDOWS\System32\WindowsPowerShell\v1.0\;C:\WINDOWS\System32\OpenSSH\;C:\Program Files\Git\cmd;C:\Users\rarhn\AppData\Local\Microsoft\WindowsApps;C:\Users\rarhn\AppData\Local\Microsoft\WindowsApps;D:\JetBrains\IntelliJ IDEA 2019.3.2\bin;;C:\Users\rarhn\AppData\Local\GitHubDesktop\bin
USERNAME=rarhn
OS=Windows_NT
PROCESSOR_IDENTIFIER=Intel64 Family 6 Model 61 Stepping 4, GenuineIntel



---------------  S Y S T E M  ---------------

OS: Windows 10.0 , 64 bit Build 19041 (10.0.19041.928)

CPU:total 4 (initial active 4) (2 cores per cpu, 2 threads per core) family 6 model 61 stepping 4, cmov, cx8, fxsr, mmx, sse, sse2, sse3, ssse3, sse4.1, sse4.2, popcnt, avx, avx2, aes, clmul, erms, 3dnowpref, lzcnt, ht, tsc, tscinvbit, bmi1, bmi2, adx

Memory: 4k page, physical 8300384k(413316k free), swap 21092828k(5796k free)

vm_info: OpenJDK 64-Bit Server VM (25.242-b01) for windows-amd64 JRE (1.8.0_242-release-1644-b01), built by "builder" with MS VC++ 10.0 (VS2010)

time: Mon Jun 07 01:15:54 2021
timezone: Central European Daylight Time
elapsed time: 16 seconds (0d 0h 0m 16s)

