#
# There is insufficient memory for the Java Runtime Environment to continue.
# Native memory allocation (malloc) failed to allocate 32744 bytes for ChunkPool::allocate
# Possible reasons:
#   The system is out of physical RAM or swap space
#   The process is running with CompressedOops enabled, and the Java Heap may be blocking the growth of the native heap
# Possible solutions:
#   Reduce memory load on the system
#   Increase physical memory or swap space
#   Check if swap backing store is full
#   Decrease Java heap size (-Xmx/-Xms)
#   Decrease number of Java threads
#   Decrease Java thread stack sizes (-Xss)
#   Set larger code cache with -XX:ReservedCodeCacheSize=
#   JVM is running with Unscaled Compressed Oops mode in which the Java heap is
#     placed in the first 4GB address space. The Java Heap base address is the
#     maximum limit for the native heap growth. Please use -XX:HeapBaseMinAddress
#     to set the Java Heap base and to place the Java Heap above 4GB virtual address.
# This output file may be truncated or incomplete.
#
#  Out of Memory Error (allocation.cpp:272), pid=20928, tid=0x0000000000004f64
#
# JRE version: OpenJDK Runtime Environment (8.0_242-b01) (build 1.8.0_242-release-1644-b01)
# Java VM: OpenJDK 64-Bit Server VM (25.242-b01 mixed mode windows-amd64 compressed oops)
# Failed to write core dump. Minidumps are not enabled by default on client versions of Windows
#

---------------  T H R E A D  ---------------

Current thread (0x0000000017182000):  JavaThread "C2 CompilerThread0" daemon [_thread_in_native, id=20324, stack(0x00000000187f0000,0x00000000188f0000)]

Stack: [0x00000000187f0000,0x00000000188f0000]
[error occurred during error reporting (printing stack bounds), id 0xc0000005]

Native frames: (J=compiled Java code, j=interpreted, Vv=VM code, C=native code)


Current CompileTask:
C2:  18201 5282       4       groovy.lang.MetaClassImpl::addMetaMethodToIndex (65 bytes)


---------------  P R O C E S S  ---------------

Java Threads: ( => current thread )
  0x000000001ad76000 JavaThread "Cache worker for Build Output Cleanup Cache (C:\Users\rarhn\GitHub\SliderTest\.gradle\buildOutputCleanup)" [_thread_blocked, id=17740, stack(0x0000000029590000,0x0000000029690000)]
  0x000000001ad73800 JavaThread "jar transforms Thread 113" [_thread_blocked, id=1616, stack(0x0000000028e90000,0x0000000028f90000)]
  0x000000001ad79000 JavaThread "jar transforms Thread 112" [_thread_blocked, id=14636, stack(0x0000000028d90000,0x0000000028e90000)]
  0x000000001ad74800 JavaThread "jar transforms Thread 111" [_thread_blocked, id=19604, stack(0x0000000028c90000,0x0000000028d90000)]
  0x000000001ad72800 JavaThread "jar transforms Thread 110" [_thread_blocked, id=19908, stack(0x0000000028b90000,0x0000000028c90000)]
  0x000000001ad75000 JavaThread "jar transforms Thread 109" [_thread_blocked, id=12312, stack(0x0000000028a90000,0x0000000028b90000)]
  0x000000001ad6b000 JavaThread "jar transforms Thread 108" [_thread_blocked, id=21072, stack(0x0000000028990000,0x0000000028a90000)]
  0x000000001ad71000 JavaThread "jar transforms Thread 107" [_thread_blocked, id=17268, stack(0x0000000028890000,0x0000000028990000)]
  0x000000001ad72000 JavaThread "jar transforms Thread 106" [_thread_blocked, id=264, stack(0x0000000028790000,0x0000000028890000)]
  0x000000001ad70800 JavaThread "jar transforms Thread 105" [_thread_blocked, id=19464, stack(0x0000000028690000,0x0000000028790000)]
  0x000000001ad6e000 JavaThread "jar transforms Thread 104" [_thread_blocked, id=20804, stack(0x0000000028590000,0x0000000028690000)]
  0x000000001ad6f800 JavaThread "jar transforms Thread 103" [_thread_blocked, id=10708, stack(0x0000000028490000,0x0000000028590000)]
  0x000000001ad6d800 JavaThread "jar transforms Thread 102" [_thread_blocked, id=18160, stack(0x0000000028390000,0x0000000028490000)]
  0x000000001ad6c800 JavaThread "jar transforms Thread 101" [_thread_blocked, id=10124, stack(0x0000000028290000,0x0000000028390000)]
  0x000000001ad6a800 JavaThread "jar transforms Thread 100" [_thread_blocked, id=9648, stack(0x0000000028190000,0x0000000028290000)]
  0x000000001ad6f000 JavaThread "jar transforms Thread 99" [_thread_blocked, id=13728, stack(0x0000000028090000,0x0000000028190000)]
  0x000000001ad6c000 JavaThread "jar transforms Thread 98" [_thread_blocked, id=12988, stack(0x0000000027f90000,0x0000000028090000)]
  0x000000001ecd8000 JavaThread "jar transforms Thread 97" [_thread_blocked, id=19684, stack(0x0000000027e90000,0x0000000027f90000)]
  0x000000001ecd7000 JavaThread "jar transforms Thread 96" [_thread_blocked, id=5192, stack(0x0000000027d90000,0x0000000027e90000)]
  0x000000001ecd6800 JavaThread "jar transforms Thread 95" [_thread_blocked, id=17388, stack(0x0000000027c90000,0x0000000027d90000)]
  0x000000001ecd2000 JavaThread "jar transforms Thread 94" [_thread_blocked, id=19012, stack(0x0000000027b90000,0x0000000027c90000)]
  0x000000001ecd5800 JavaThread "jar transforms Thread 93" [_thread_blocked, id=19928, stack(0x0000000027a90000,0x0000000027b90000)]
  0x000000001ecce000 JavaThread "jar transforms Thread 92" [_thread_blocked, id=72, stack(0x0000000027990000,0x0000000027a90000)]
  0x000000001ecd5000 JavaThread "jar transforms Thread 91" [_thread_blocked, id=20144, stack(0x0000000027890000,0x0000000027990000)]
  0x000000001ecd4000 JavaThread "jar transforms Thread 90" [_thread_blocked, id=10356, stack(0x0000000027790000,0x0000000027890000)]
  0x000000001ecd2800 JavaThread "jar transforms Thread 89" [_thread_blocked, id=12184, stack(0x0000000027690000,0x0000000027790000)]
  0x000000001eccd800 JavaThread "jar transforms Thread 88" [_thread_blocked, id=17828, stack(0x0000000027590000,0x0000000027690000)]
  0x000000001ecd1000 JavaThread "jar transforms Thread 87" [_thread_blocked, id=6780, stack(0x0000000027490000,0x0000000027590000)]
  0x000000001ecd3800 JavaThread "jar transforms Thread 86" [_thread_blocked, id=14516, stack(0x0000000027390000,0x0000000027490000)]
  0x000000001eccc800 JavaThread "jar transforms Thread 85" [_thread_blocked, id=19300, stack(0x0000000027290000,0x0000000027390000)]
  0x000000001ecc9800 JavaThread "jar transforms Thread 84" [_thread_blocked, id=8548, stack(0x0000000027190000,0x0000000027290000)]
  0x000000001eccc000 JavaThread "jar transforms Thread 83" [_thread_blocked, id=8024, stack(0x0000000027090000,0x0000000027190000)]
  0x000000001eccb000 JavaThread "jar transforms Thread 82" [_thread_blocked, id=10020, stack(0x0000000026f90000,0x0000000027090000)]
  0x000000001eccf800 JavaThread "jar transforms Thread 81" [_thread_blocked, id=18620, stack(0x0000000026e90000,0x0000000026f90000)]
  0x000000001ecd0800 JavaThread "jar transforms Thread 80" [_thread_blocked, id=10584, stack(0x0000000026d90000,0x0000000026e90000)]
  0x000000001eccf000 JavaThread "jar transforms Thread 79" [_thread_blocked, id=14056, stack(0x0000000026c90000,0x0000000026d90000)]
  0x000000001ecc9000 JavaThread "jar transforms Thread 78" [_thread_blocked, id=6360, stack(0x0000000026b90000,0x0000000026c90000)]
  0x000000001ecca800 JavaThread "jar transforms Thread 77" [_thread_blocked, id=17356, stack(0x0000000026a90000,0x0000000026b90000)]
  0x0000000019e3a800 JavaThread "jar transforms Thread 76" [_thread_blocked, id=18196, stack(0x0000000026990000,0x0000000026a90000)]
  0x0000000019e39800 JavaThread "jar transforms Thread 75" [_thread_blocked, id=14612, stack(0x0000000026890000,0x0000000026990000)]
  0x0000000019e39000 JavaThread "jar transforms Thread 74" [_thread_blocked, id=19200, stack(0x0000000026790000,0x0000000026890000)]
  0x0000000019e38000 JavaThread "jar transforms Thread 73" [_thread_blocked, id=13460, stack(0x0000000026690000,0x0000000026790000)]
  0x0000000019e37800 JavaThread "jar transforms Thread 72" [_thread_blocked, id=6436, stack(0x0000000026590000,0x0000000026690000)]
  0x0000000019e36800 JavaThread "jar transforms Thread 71" [_thread_blocked, id=1184, stack(0x0000000026490000,0x0000000026590000)]
  0x0000000019e36000 JavaThread "jar transforms Thread 70" [_thread_blocked, id=6504, stack(0x0000000026390000,0x0000000026490000)]
  0x0000000019e3c800 JavaThread "jar transforms Thread 69" [_thread_blocked, id=17660, stack(0x0000000026290000,0x0000000026390000)]
  0x0000000019e3c000 JavaThread "jar transforms Thread 68" [_thread_blocked, id=9224, stack(0x0000000026190000,0x0000000026290000)]
  0x0000000019e3b000 JavaThread "jar transforms Thread 67" [_thread_blocked, id=8872, stack(0x0000000026090000,0x0000000026190000)]
  0x0000000019e2e800 JavaThread "jar transforms Thread 66" [_thread_blocked, id=21144, stack(0x0000000025f90000,0x0000000026090000)]
  0x0000000019e35000 JavaThread "jar transforms Thread 65" [_thread_blocked, id=13328, stack(0x0000000025e90000,0x0000000025f90000)]
  0x0000000019e34800 JavaThread "jar transforms Thread 64" [_thread_blocked, id=3960, stack(0x0000000025d90000,0x0000000025e90000)]
  0x0000000019e33800 JavaThread "jar transforms Thread 63" [_thread_blocked, id=15452, stack(0x0000000025c90000,0x0000000025d90000)]
  0x0000000019e32000 JavaThread "jar transforms Thread 62" [_thread_blocked, id=11296, stack(0x0000000025b90000,0x0000000025c90000)]
  0x0000000019e2f000 JavaThread "jar transforms Thread 61" [_thread_blocked, id=20248, stack(0x0000000025a90000,0x0000000025b90000)]
  0x0000000019e31800 JavaThread "jar transforms Thread 60" [_thread_blocked, id=17692, stack(0x0000000025990000,0x0000000025a90000)]
  0x0000000019e2d800 JavaThread "jar transforms Thread 59" [_thread_blocked, id=14228, stack(0x0000000025890000,0x0000000025990000)]
  0x0000000019e30000 JavaThread "jar transforms Thread 58" [_thread_blocked, id=14380, stack(0x0000000025790000,0x0000000025890000)]
  0x0000000019e30800 JavaThread "jar transforms Thread 57" [_thread_blocked, id=14476, stack(0x0000000025690000,0x0000000025790000)]
  0x0000000019e33000 JavaThread "jar transforms Thread 56" [_thread_blocked, id=20184, stack(0x0000000025590000,0x0000000025690000)]
  0x0000000018dd1800 JavaThread "jar transforms Thread 55" [_thread_blocked, id=6216, stack(0x0000000025490000,0x0000000025590000)]
  0x0000000018dd0800 JavaThread "jar transforms Thread 54" [_thread_blocked, id=18912, stack(0x0000000025390000,0x0000000025490000)]
  0x0000000018dd7800 JavaThread "jar transforms Thread 53" [_thread_blocked, id=16100, stack(0x0000000025290000,0x0000000025390000)]
  0x0000000018dd6000 JavaThread "jar transforms Thread 52" [_thread_blocked, id=8084, stack(0x0000000025190000,0x0000000025290000)]
  0x0000000018dd3800 JavaThread "jar transforms Thread 51" [_thread_blocked, id=18996, stack(0x0000000025090000,0x0000000025190000)]
  0x0000000018dd3000 JavaThread "jar transforms Thread 50" [_thread_blocked, id=20428, stack(0x0000000024f90000,0x0000000025090000)]
  0x0000000018dd2000 JavaThread "jar transforms Thread 49" [_thread_blocked, id=7848, stack(0x0000000024e90000,0x0000000024f90000)]
  0x0000000018dd5000 JavaThread "jar transforms Thread 48" [_thread_blocked, id=20164, stack(0x0000000024d90000,0x0000000024e90000)]
  0x0000000018dd6800 JavaThread "jar transforms Thread 47" [_thread_blocked, id=12644, stack(0x0000000024c90000,0x0000000024d90000)]
  0x0000000018dd4800 JavaThread "jar transforms Thread 46" [_thread_blocked, id=11604, stack(0x0000000024b90000,0x0000000024c90000)]
  0x0000000018dc9000 JavaThread "jar transforms Thread 45" [_thread_blocked, id=4708, stack(0x0000000024a90000,0x0000000024b90000)]
  0x0000000018dd0000 JavaThread "jar transforms Thread 44" [_thread_blocked, id=18668, stack(0x0000000024990000,0x0000000024a90000)]
  0x0000000018dcb800 JavaThread "jar transforms Thread 43" [_thread_blocked, id=6188, stack(0x0000000024890000,0x0000000024990000)]
  0x0000000018dcd800 JavaThread "jar transforms Thread 42" [_thread_blocked, id=2716, stack(0x0000000024790000,0x0000000024890000)]
  0x0000000018dcf000 JavaThread "jar transforms Thread 41" [_thread_blocked, id=14288, stack(0x0000000024690000,0x0000000024790000)]
  0x0000000018dc8800 JavaThread "jar transforms Thread 40" [_thread_blocked, id=5036, stack(0x0000000024590000,0x0000000024690000)]
  0x0000000018dca800 JavaThread "jar transforms Thread 39" [_thread_blocked, id=15236, stack(0x0000000024490000,0x0000000024590000)]
  0x0000000018dce800 JavaThread "jar transforms Thread 38" [_thread_blocked, id=10172, stack(0x0000000024390000,0x0000000024490000)]
  0x0000000018dcd000 JavaThread "jar transforms Thread 37" [_thread_blocked, id=7036, stack(0x0000000024290000,0x0000000024390000)]
  0x0000000018dcc000 JavaThread "jar transforms Thread 36" [_thread_blocked, id=18816, stack(0x0000000024190000,0x0000000024290000)]
  0x0000000018dca000 JavaThread "jar transforms Thread 35" [_thread_blocked, id=17476, stack(0x0000000024090000,0x0000000024190000)]
  0x000000001b3b3800 JavaThread "jar transforms Thread 34" [_thread_blocked, id=14344, stack(0x0000000023f90000,0x0000000024090000)]
  0x000000001b3b1000 JavaThread "jar transforms Thread 33" [_thread_blocked, id=10112, stack(0x0000000023e90000,0x0000000023f90000)]
  0x000000001b3af000 JavaThread "jar transforms Thread 32" [_thread_blocked, id=2596, stack(0x0000000023d90000,0x0000000023e90000)]
  0x000000001b3b2000 JavaThread "jar transforms Thread 31" [_thread_blocked, id=8708, stack(0x0000000023c90000,0x0000000023d90000)]
  0x000000001b3b0800 JavaThread "jar transforms Thread 30" [_thread_blocked, id=19000, stack(0x0000000023b90000,0x0000000023c90000)]
  0x000000001b3b2800 JavaThread "jar transforms Thread 29" [_thread_blocked, id=19496, stack(0x0000000023a90000,0x0000000023b90000)]
  0x000000001b3ae000 JavaThread "jar transforms Thread 28" [_thread_blocked, id=6708, stack(0x0000000023990000,0x0000000023a90000)]
  0x000000001b3af800 JavaThread "jar transforms Thread 27" [_thread_blocked, id=2256, stack(0x0000000023890000,0x0000000023990000)]
  0x000000001b3a6800 JavaThread "jar transforms Thread 26" [_thread_blocked, id=21264, stack(0x0000000023790000,0x0000000023890000)]
  0x000000001b3ad800 JavaThread "jar transforms Thread 25" [_thread_blocked, id=4244, stack(0x0000000023690000,0x0000000023790000)]
  0x000000001b3ac800 JavaThread "jar transforms Thread 24" [_thread_blocked, id=12124, stack(0x0000000023590000,0x0000000023690000)]
  0x000000001b3a7800 JavaThread "jar transforms Thread 23" [_thread_blocked, id=12528, stack(0x0000000023490000,0x0000000023590000)]
  0x000000001b3ac000 JavaThread "jar transforms Thread 22" [_thread_blocked, id=19920, stack(0x0000000023390000,0x0000000023490000)]
  0x000000001b3ab000 JavaThread "jar transforms Thread 21" [_thread_blocked, id=3584, stack(0x0000000023290000,0x0000000023390000)]
  0x000000001b3aa800 JavaThread "jar transforms Thread 20" [_thread_blocked, id=16412, stack(0x0000000023190000,0x0000000023290000)]
  0x000000001b3a9800 JavaThread "jar transforms Thread 19" [_thread_blocked, id=7468, stack(0x0000000023090000,0x0000000023190000)]
  0x000000001b3a4800 JavaThread "jar transforms Thread 18" [_thread_blocked, id=14424, stack(0x0000000022f90000,0x0000000023090000)]
  0x000000001b3a9000 JavaThread "jar transforms Thread 17" [_thread_blocked, id=21496, stack(0x0000000022e90000,0x0000000022f90000)]
  0x000000001b3a8000 JavaThread "jar transforms Thread 16" [_thread_blocked, id=13172, stack(0x0000000022d90000,0x0000000022e90000)]
  0x000000001b3a5000 JavaThread "jar transforms Thread 15" [_thread_blocked, id=20612, stack(0x0000000022c90000,0x0000000022d90000)]
  0x000000001b3a6000 JavaThread "jar transforms Thread 14" [_thread_blocked, id=18488, stack(0x0000000022b90000,0x0000000022c90000)]
  0x000000001ed7a800 JavaThread "jar transforms Thread 13" [_thread_blocked, id=19976, stack(0x0000000022a90000,0x0000000022b90000)]
  0x000000001ed7f000 JavaThread "jar transforms Thread 12" [_thread_blocked, id=13140, stack(0x0000000022990000,0x0000000022a90000)]
  0x000000001ed7a000 JavaThread "jar transforms Thread 11" [_thread_blocked, id=17780, stack(0x0000000022890000,0x0000000022990000)]
  0x000000001ed7d800 JavaThread "jar transforms Thread 10" [_thread_blocked, id=20544, stack(0x0000000022790000,0x0000000022890000)]
  0x000000001ed7d000 JavaThread "jar transforms Thread 9" [_thread_blocked, id=6244, stack(0x0000000022690000,0x0000000022790000)]
  0x000000001ed7e800 JavaThread "jar transforms Thread 8" [_thread_blocked, id=14520, stack(0x0000000022590000,0x0000000022690000)]
  0x000000001ed7c000 JavaThread "jar transforms Thread 7" [_thread_blocked, id=13032, stack(0x0000000022490000,0x0000000022590000)]
  0x000000001ed7b800 JavaThread "jar transforms Thread 6" [_thread_blocked, id=2460, stack(0x0000000022390000,0x0000000022490000)]
  0x000000001ed80000 JavaThread "jar transforms Thread 5" [_thread_blocked, id=12848, stack(0x0000000022290000,0x0000000022390000)]
  0x000000001ed72800 JavaThread "jar transforms Thread 4" [_thread_blocked, id=5276, stack(0x0000000022190000,0x0000000022290000)]
  0x000000001ed79000 JavaThread "jar transforms Thread 3" [_thread_blocked, id=3120, stack(0x0000000022090000,0x0000000022190000)]
  0x000000001ed71800 JavaThread "jar transforms Thread 2" [_thread_blocked, id=20516, stack(0x0000000021f90000,0x0000000022090000)]
  0x000000001ed78800 JavaThread "Build operations Thread 4" [_thread_blocked, id=13380, stack(0x0000000021e90000,0x0000000021f90000)]
  0x000000001ed77000 JavaThread "Build operations Thread 3" [_thread_blocked, id=2788, stack(0x0000000021d90000,0x0000000021e90000)]
  0x000000001ed76000 JavaThread "Build operations Thread 2" [_thread_blocked, id=9732, stack(0x0000000021c90000,0x0000000021d90000)]
  0x000000001ed75800 JavaThread "Build operations" [_thread_blocked, id=10532, stack(0x0000000021b90000,0x0000000021c90000)]
  0x0000000018e03800 JavaThread "Cache worker for file content cache (C:\Users\rarhn\.gradle\caches\6.5\fileContent)" [_thread_blocked, id=20580, stack(0x0000000021490000,0x0000000021590000)]
  0x0000000018e02800 JavaThread "jar transforms" [_thread_blocked, id=17776, stack(0x000000001fdb0000,0x000000001feb0000)]
  0x0000000018e02000 JavaThread "Cache worker for execution history cache (C:\Users\rarhn\.gradle\caches\6.5\executionHistory)" [_thread_blocked, id=2012, stack(0x000000001fcb0000,0x000000001fdb0000)]
  0x0000000018e01000 JavaThread "Cache worker for cache directory md-rule (C:\Users\rarhn\.gradle\caches\6.5\md-rule)" [_thread_blocked, id=16812, stack(0x000000001fbb0000,0x000000001fcb0000)]
  0x0000000018e08000 JavaThread "Cache worker for cache directory md-supplier (C:\Users\rarhn\.gradle\caches\6.5\md-supplier)" [_thread_blocked, id=14156, stack(0x000000001fab0000,0x000000001fbb0000)]
  0x0000000018e07000 JavaThread "Cache worker for checksums cache (C:\Users\rarhn\GitHub\SliderTest\.gradle\checksums)" [_thread_blocked, id=15384, stack(0x000000001f9b0000,0x000000001fab0000)]
  0x0000000018e05000 JavaThread "Cache worker for file hash cache (C:\Users\rarhn\GitHub\SliderTest\.gradle\6.5\fileHashes)" [_thread_blocked, id=19856, stack(0x000000001f6b0000,0x000000001f7b0000)]
  0x0000000018e06800 JavaThread "Cache worker for file hash cache (C:\Users\rarhn\.gradle\caches\6.5\fileHashes)" [_thread_blocked, id=11548, stack(0x000000001e1e0000,0x000000001e2e0000)]
  0x0000000018e05800 JavaThread "File lock request listener" [_thread_in_native, id=12612, stack(0x000000001d110000,0x000000001d210000)]
  0x000000001ad0f800 JavaThread "Cache worker for journal cache (C:\Users\rarhn\.gradle\caches\journal-1)" [_thread_blocked, id=10504, stack(0x000000001cf10000,0x000000001d010000)]
  0x000000001acbf000 JavaThread "Thread-9" [_thread_blocked, id=16620, stack(0x000000001cc10000,0x000000001cd10000)]
  0x000000001acb8000 JavaThread "Stdin handler" [_thread_blocked, id=19896, stack(0x000000001cb10000,0x000000001cc10000)]
  0x000000001acb5800 JavaThread "Asynchronous log dispatcher for DefaultDaemonConnection: socket connection from /127.0.0.1:52627 to /127.0.0.1:52628" [_thread_blocked, id=17568, stack(0x000000001ca10000,0x000000001cb10000)]
  0x000000001ac5f800 JavaThread "Daemon worker" [_thread_in_Java, id=6204, stack(0x000000001c910000,0x000000001ca10000)]
  0x000000001ac5f000 JavaThread "Cancel handler" [_thread_blocked, id=19676, stack(0x000000001c810000,0x000000001c910000)]
  0x000000001ac4a800 JavaThread "Handler for socket connection from /127.0.0.1:52627 to /127.0.0.1:52628" [_thread_in_native, id=13740, stack(0x000000001c510000,0x000000001c610000)]
  0x000000001ac47000 JavaThread "Daemon" [_thread_blocked, id=12092, stack(0x000000001c410000,0x000000001c510000)]
  0x000000001ac21800 JavaThread "Daemon periodic checks" [_thread_blocked, id=636, stack(0x000000001c310000,0x000000001c410000)]
  0x000000001abde800 JavaThread "Incoming local TCP Connector on port 52627" [_thread_in_native, id=18884, stack(0x000000001c0d0000,0x000000001c1d0000)]
  0x0000000019123000 JavaThread "Daemon health stats" [_thread_blocked, id=19316, stack(0x000000001aac0000,0x000000001abc0000)]
  0x0000000018b20800 JavaThread "Service Thread" daemon [_thread_blocked, id=20096, stack(0x0000000018ef0000,0x0000000018ff0000)]
  0x0000000017194000 JavaThread "C1 CompilerThread2" daemon [_thread_blocked, id=5544, stack(0x00000000189f0000,0x0000000018af0000)]
  0x000000001718a800 JavaThread "C2 CompilerThread1" daemon [_thread_in_native, id=12828, stack(0x00000000188f0000,0x00000000189f0000)]
=>0x0000000017182000 JavaThread "C2 CompilerThread0" daemon [_thread_in_native, id=20324, stack(0x00000000187f0000,0x00000000188f0000)]
  0x0000000017180800 JavaThread "Attach Listener" daemon [_thread_blocked, id=7128, stack(0x00000000186f0000,0x00000000187f0000)]
  0x0000000017187000 JavaThread "Signal Dispatcher" daemon [_thread_blocked, id=4484, stack(0x00000000185f0000,0x00000000186f0000)]
  0x000000000255a000 JavaThread "Finalizer" daemon [_thread_blocked, id=2820, stack(0x00000000183f0000,0x00000000184f0000)]
  0x0000000002551000 JavaThread "Reference Handler" daemon [_thread_blocked, id=15684, stack(0x00000000182f0000,0x00000000183f0000)]
  0x000000000245d800 JavaThread "main" [_thread_blocked, id=10348, stack(0x0000000002330000,0x0000000002430000)]

Other Threads:
  0x0000000017146800 VMThread [stack: 0x00000000181f0000,0x00000000182f0000] [id=7152]
  0x00000000171de000 WatcherThread [stack: 0x0000000018ff0000,0x00000000190f0000] [id=19952]

VM state:not at safepoint (normal execution)

VM Mutex/Monitor currently owned by a thread: None

heap address: 0x0000000080000000, size: 2048 MB, Compressed Oops mode: 32-bit
Narrow klass base: 0x0000000000000000, Narrow klass shift: 3
Compressed class space size: 1073741824 Address: 0x0000000100000000

Heap:
 PSYoungGen      total 138240K, used 59235K [0x00000000d5580000, 0x00000000de180000, 0x0000000100000000)
  eden space 133120K, 40% used [0x00000000d5580000,0x00000000d8a5ecc0,0x00000000dd780000)
  from space 5120K, 99% used [0x00000000dd780000,0x00000000ddc7a0e0,0x00000000ddc80000)
  to   space 5120K, 0% used [0x00000000ddc80000,0x00000000ddc80000,0x00000000de180000)
 ParOldGen       total 86528K, used 34871K [0x0000000080000000, 0x0000000085480000, 0x00000000d5580000)
  object space 86528K, 40% used [0x0000000080000000,0x000000008220dfa0,0x0000000085480000)
 Metaspace       used 55714K, capacity 57846K, committed 58024K, reserved 1099776K
  class space    used 7313K, capacity 7789K, committed 7856K, reserved 1048576K

Card table byte_map: [0x0000000011920000,0x0000000011d30000] byte_map_base: 0x0000000011520000

Marking Bits: (ParMarkBitMap*) 0x000000005254f030
 Begin Bits: [0x00000000123e0000, 0x00000000143e0000)
 End Bits:   [0x00000000143e0000, 0x00000000163e0000)

Polling page: 0x0000000000a60000

CodeCache: size=245760Kb used=16801Kb max_used=16801Kb free=228958Kb
 bounds [0x0000000002560000, 0x00000000035e0000, 0x0000000011560000]
 total_blobs=5693 nmethods=4903 adapters=702
 compilation: enabled

Compilation events (10 events):
Event: 17.962 Thread 0x0000000017194000 5308       3       com.sun.beans.TypeResolver::prepare (237 bytes)
Event: 17.964 Thread 0x0000000017194000 nmethod 5308 0x00000000035ccd50 code [0x00000000035cd0c0, 0x00000000035ced48]
Event: 17.977 Thread 0x0000000017194000 5309       3       java.lang.Class::getDeclaredFields (18 bytes)
Event: 17.977 Thread 0x0000000017194000 nmethod 5309 0x00000000035cf8d0 code [0x00000000035cfa60, 0x00000000035cfc98]
Event: 17.987 Thread 0x0000000017194000 5310       3       groovy.lang.MetaClassImpl::getNewMetaMethods (18 bytes)
Event: 17.988 Thread 0x0000000017194000 nmethod 5310 0x00000000035cfd90 code [0x00000000035cff00, 0x00000000035d0168]
Event: 17.988 Thread 0x0000000017194000 5311 %     3       groovy.lang.MetaClassImpl::inheritInterfaceNewMetaMethods @ 7 (199 bytes)
Event: 17.991 Thread 0x0000000017194000 nmethod 5311% 0x00000000035d0250 code [0x00000000035d0540, 0x00000000035d1cc8]
Event: 17.991 Thread 0x0000000017194000 5312       3       groovy.lang.MetaClassImpl::inheritInterfaceNewMetaMethods (199 bytes)
Event: 17.993 Thread 0x0000000017194000 nmethod 5312 0x00000000035d28d0 code [0x00000000035d2bc0, 0x00000000035d4288]

GC Heap History (10 events):
Event: 10.467 GC heap before
{Heap before GC invocations=7 (full 1):
 PSYoungGen      total 138240K, used 133120K [0x00000000d5580000, 0x00000000de180000, 0x0000000100000000)
  eden space 133120K, 100% used [0x00000000d5580000,0x00000000dd780000,0x00000000dd780000)
  from space 5120K, 0% used [0x00000000dd780000,0x00000000dd780000,0x00000000ddc80000)
  to   space 5120K, 0% used [0x00000000ddc80000,0x00000000ddc80000,0x00000000de180000)
 ParOldGen       total 57856K, used 6775K [0x0000000080000000, 0x0000000083880000, 0x00000000d5580000)
  object space 57856K, 11% used [0x0000000080000000,0x000000008069de88,0x0000000083880000)
 Metaspace       used 32751K, capacity 33792K, committed 33968K, reserved 1079296K
  class space    used 4470K, capacity 4750K, committed 4784K, reserved 1048576K
Event: 10.490 GC heap after
Heap after GC invocations=7 (full 1):
 PSYoungGen      total 138240K, used 5120K [0x00000000d5580000, 0x00000000de180000, 0x0000000100000000)
  eden space 133120K, 0% used [0x00000000d5580000,0x00000000d5580000,0x00000000dd780000)
  from space 5120K, 100% used [0x00000000ddc80000,0x00000000de180000,0x00000000de180000)
  to   space 5120K, 0% used [0x00000000dd780000,0x00000000dd780000,0x00000000ddc80000)
 ParOldGen       total 57856K, used 16041K [0x0000000080000000, 0x0000000083880000, 0x00000000d5580000)
  object space 57856K, 27% used [0x0000000080000000,0x0000000080faa7f8,0x0000000083880000)
 Metaspace       used 32751K, capacity 33792K, committed 33968K, reserved 1079296K
  class space    used 4470K, capacity 4750K, committed 4784K, reserved 1048576K
}
Event: 11.098 GC heap before
{Heap before GC invocations=8 (full 1):
 PSYoungGen      total 138240K, used 37571K [0x00000000d5580000, 0x00000000de180000, 0x0000000100000000)
  eden space 133120K, 24% used [0x00000000d5580000,0x00000000d7530d40,0x00000000dd780000)
  from space 5120K, 100% used [0x00000000ddc80000,0x00000000de180000,0x00000000de180000)
  to   space 5120K, 0% used [0x00000000dd780000,0x00000000dd780000,0x00000000ddc80000)
 ParOldGen       total 57856K, used 16041K [0x0000000080000000, 0x0000000083880000, 0x00000000d5580000)
  object space 57856K, 27% used [0x0000000080000000,0x0000000080faa7f8,0x0000000083880000)
 Metaspace       used 34253K, capacity 35408K, committed 35496K, reserved 1079296K
  class space    used 4709K, capacity 5001K, committed 5040K, reserved 1048576K
Event: 11.114 GC heap after
Heap after GC invocations=8 (full 1):
 PSYoungGen      total 138240K, used 5120K [0x00000000d5580000, 0x00000000de180000, 0x0000000100000000)
  eden space 133120K, 0% used [0x00000000d5580000,0x00000000d5580000,0x00000000dd780000)
  from space 5120K, 100% used [0x00000000dd780000,0x00000000ddc80000,0x00000000ddc80000)
  to   space 5120K, 0% used [0x00000000ddc80000,0x00000000ddc80000,0x00000000de180000)
 ParOldGen       total 57856K, used 18147K [0x0000000080000000, 0x0000000083880000, 0x00000000d5580000)
  object space 57856K, 31% used [0x0000000080000000,0x00000000811b8d08,0x0000000083880000)
 Metaspace       used 34253K, capacity 35408K, committed 35496K, reserved 1079296K
  class space    used 4709K, capacity 5001K, committed 5040K, reserved 1048576K
}
Event: 11.114 GC heap before
{Heap before GC invocations=9 (full 2):
 PSYoungGen      total 138240K, used 5120K [0x00000000d5580000, 0x00000000de180000, 0x0000000100000000)
  eden space 133120K, 0% used [0x00000000d5580000,0x00000000d5580000,0x00000000dd780000)
  from space 5120K, 100% used [0x00000000dd780000,0x00000000ddc80000,0x00000000ddc80000)
  to   space 5120K, 0% used [0x00000000ddc80000,0x00000000ddc80000,0x00000000de180000)
 ParOldGen       total 57856K, used 18147K [0x0000000080000000, 0x0000000083880000, 0x00000000d5580000)
  object space 57856K, 31% used [0x0000000080000000,0x00000000811b8d08,0x0000000083880000)
 Metaspace       used 34253K, capacity 35408K, committed 35496K, reserved 1079296K
  class space    used 4709K, capacity 5001K, committed 5040K, reserved 1048576K
Event: 11.207 GC heap after
Heap after GC invocations=9 (full 2):
 PSYoungGen      total 138240K, used 0K [0x00000000d5580000, 0x00000000de180000, 0x0000000100000000)
  eden space 133120K, 0% used [0x00000000d5580000,0x00000000d5580000,0x00000000dd780000)
  from space 5120K, 0% used [0x00000000dd780000,0x00000000dd780000,0x00000000ddc80000)
  to   space 5120K, 0% used [0x00000000ddc80000,0x00000000ddc80000,0x00000000de180000)
 ParOldGen       total 86528K, used 15378K [0x0000000080000000, 0x0000000085480000, 0x00000000d5580000)
  object space 86528K, 17% used [0x0000000080000000,0x0000000080f048b8,0x0000000085480000)
 Metaspace       used 34253K, capacity 35408K, committed 35496K, reserved 1079296K
  class space    used 4709K, capacity 5001K, committed 5040K, reserved 1048576K
}
Event: 13.167 GC heap before
{Heap before GC invocations=10 (full 2):
 PSYoungGen      total 138240K, used 133120K [0x00000000d5580000, 0x00000000de180000, 0x0000000100000000)
  eden space 133120K, 100% used [0x00000000d5580000,0x00000000dd780000,0x00000000dd780000)
  from space 5120K, 0% used [0x00000000dd780000,0x00000000dd780000,0x00000000ddc80000)
  to   space 5120K, 0% used [0x00000000ddc80000,0x00000000ddc80000,0x00000000de180000)
 ParOldGen       total 86528K, used 15378K [0x0000000080000000, 0x0000000085480000, 0x00000000d5580000)
  object space 86528K, 17% used [0x0000000080000000,0x0000000080f048b8,0x0000000085480000)
 Metaspace       used 38162K, capacity 39722K, committed 39848K, reserved 1083392K
  class space    used 5208K, capacity 5522K, committed 5552K, reserved 1048576K
Event: 13.187 GC heap after
Heap after GC invocations=10 (full 2):
 PSYoungGen      total 138240K, used 5106K [0x00000000d5580000, 0x00000000de180000, 0x0000000100000000)
  eden space 133120K, 0% used [0x00000000d5580000,0x00000000d5580000,0x00000000dd780000)
  from space 5120K, 99% used [0x00000000ddc80000,0x00000000de17c8c0,0x00000000de180000)
  to   space 5120K, 0% used [0x00000000dd780000,0x00000000dd780000,0x00000000ddc80000)
 ParOldGen       total 86528K, used 17724K [0x0000000080000000, 0x0000000085480000, 0x00000000d5580000)
  object space 86528K, 20% used [0x0000000080000000,0x000000008114f028,0x0000000085480000)
 Metaspace       used 38162K, capacity 39722K, committed 39848K, reserved 1083392K
  class space    used 5208K, capacity 5522K, committed 5552K, reserved 1048576K
}
Event: 16.542 GC heap before
{Heap before GC invocations=11 (full 2):
 PSYoungGen      total 138240K, used 138226K [0x00000000d5580000, 0x00000000de180000, 0x0000000100000000)
  eden space 133120K, 100% used [0x00000000d5580000,0x00000000dd780000,0x00000000dd780000)
  from space 5120K, 99% used [0x00000000ddc80000,0x00000000de17c8c0,0x00000000de180000)
  to   space 5120K, 0% used [0x00000000dd780000,0x00000000dd780000,0x00000000ddc80000)
 ParOldGen       total 86528K, used 17724K [0x0000000080000000, 0x0000000085480000, 0x00000000d5580000)
  object space 86528K, 20% used [0x0000000080000000,0x000000008114f028,0x0000000085480000)
 Metaspace       used 51345K, capacity 53278K, committed 53288K, reserved 1095680K
  class space    used 6813K, capacity 7215K, committed 7216K, reserved 1048576K
Event: 16.567 GC heap after
Heap after GC invocations=11 (full 2):
 PSYoungGen      total 138240K, used 5096K [0x00000000d5580000, 0x00000000de180000, 0x0000000100000000)
  eden space 133120K, 0% used [0x00000000d5580000,0x00000000d5580000,0x00000000dd780000)
  from space 5120K, 99% used [0x00000000dd780000,0x00000000ddc7a0e0,0x00000000ddc80000)
  to   space 5120K, 0% used [0x00000000ddc80000,0x00000000ddc80000,0x00000000de180000)
 ParOldGen       total 86528K, used 34871K [0x0000000080000000, 0x0000000085480000, 0x00000000d5580000)
  object space 86528K, 40% used [0x0000000080000000,0x000000008220dfa0,0x0000000085480000)
 Metaspace       used 51345K, capacity 53278K, committed 53288K, reserved 1095680K
  class space    used 6813K, capacity 7215K, committed 7216K, reserved 1048576K
}

Deoptimization events (10 events):
Event: 17.737 Thread 0x000000001ad73800 Uncommon trap: reason=class_check action=maybe_recompile pc=0x000000000303c15c method=java.util.regex.Matcher.search(I)Z @ 86
Event: 17.737 Thread 0x000000001ad73800 Uncommon trap: reason=class_check action=maybe_recompile pc=0x000000000303c15c method=java.util.regex.Matcher.search(I)Z @ 86
Event: 17.737 Thread 0x000000001ad73800 Uncommon trap: reason=class_check action=maybe_recompile pc=0x000000000303c15c method=java.util.regex.Matcher.search(I)Z @ 86
Event: 17.737 Thread 0x000000001ad73800 Uncommon trap: reason=unstable_if action=reinterpret pc=0x0000000003314330 method=org.objectweb.asm.MethodWriter.visitLabel(Lorg/objectweb/asm/Label;)V @ 312
Event: 17.738 Thread 0x000000001ad73800 Uncommon trap: reason=unstable_if action=reinterpret pc=0x00000000034be464 method=org.objectweb.asm.MethodWriter.visitInsn(I)V @ 32
Event: 17.738 Thread 0x000000001ad73800 Uncommon trap: reason=unstable_if action=reinterpret pc=0x000000000332874c method=org.objectweb.asm.MethodWriter.visitMethodInsn(ILjava/lang/String;Ljava/lang/String;Ljava/lang/String;Z)V @ 89
Event: 17.738 Thread 0x000000001ad73800 Uncommon trap: reason=unstable_if action=reinterpret pc=0x0000000002949e30 method=org.objectweb.asm.MethodWriter.visitVarInsn(II)V @ 116
Event: 17.740 Thread 0x000000001ad73800 Uncommon trap: reason=unstable_if action=reinterpret pc=0x00000000027ecf20 method=org.objectweb.asm.ByteVector.putInt(I)Lorg/objectweb/asm/ByteVector; @ 13
Event: 17.879 Thread 0x000000001ac5f800 Uncommon trap: reason=null_check action=make_not_entrant pc=0x0000000002ce2f1c method=java.lang.Class.searchMethods([Ljava/lang/reflect/Method;Ljava/lang/String;[Ljava/lang/Class;)Ljava/lang/reflect/Method; @ 59
Event: 17.971 Thread 0x000000001ac5f800 Uncommon trap: reason=class_check action=maybe_recompile pc=0x0000000002ca4b5c method=java.util.WeakHashMap.eq(Ljava/lang/Object;Ljava/lang/Object;)Z @ 7

Classes redefined (0 events):
No events

Internal exceptions (10 events):
Event: 17.962 Thread 0x000000001ac5f800 Exception <a 'java/lang/ClassNotFoundException': org/gradle/api/internal/DefaultNamedDomainObjectSetCustomizer> (0x00000000d85ba820) thrown at [C:\src\AOSP-openjdk-git\hotspot\src\share\vm\classfile\systemDictionary.cpp, line 210]
Event: 17.967 Thread 0x000000001ac5f800 Exception <a 'java/lang/ClassNotFoundException': org/gradle/api/internal/AbstractNamedDomainObjectContainerCustomizer> (0x00000000d861c0a8) thrown at [C:\src\AOSP-openjdk-git\hotspot\src\share\vm\classfile\systemDictionary.cpp, line 210]
Event: 17.971 Thread 0x000000001ac5f800 Exception <a 'java/lang/ClassNotFoundException': org/gradle/api/internal/FactoryNamedDomainObjectContainerCustomizer> (0x00000000d867bc30) thrown at [C:\src\AOSP-openjdk-git\hotspot\src\share\vm\classfile\systemDictionary.cpp, line 210]
Event: 17.975 Thread 0x000000001ac5f800 Exception <a 'java/lang/ClassNotFoundException': org/gradle/api/internal/FactoryNamedDomainObjectContainer_DecoratedCustomizer> (0x00000000d86d42f8) thrown at [C:\src\AOSP-openjdk-git\hotspot\src\share\vm\classfile\systemDictionary.cpp, line 210]
Event: 17.996 Thread 0x000000001ac5f800 Exception <a 'java/lang/ClassNotFoundException': com/android/build/gradle/internal/dsl/BuildType_DecoratedBeanInfo> (0x00000000d87ecad8) thrown at [C:\src\AOSP-openjdk-git\hotspot\src\share\vm\classfile\systemDictionary.cpp, line 210]
Event: 18.012 Thread 0x000000001ac5f800 Exception <a 'java/lang/ClassNotFoundException': com/android/build/gradle/internal/dsl/BuildTypeBeanInfo> (0x00000000d880ca28) thrown at [C:\src\AOSP-openjdk-git\hotspot\src\share\vm\classfile\systemDictionary.cpp, line 210]
Event: 18.016 Thread 0x000000001ac5f800 Exception <a 'java/lang/ClassNotFoundException': com/android/builder/core/AbstractBuildTypeBeanInfo> (0x00000000d882a768) thrown at [C:\src\AOSP-openjdk-git\hotspot\src\share\vm\classfile\systemDictionary.cpp, line 210]
Event: 18.037 Thread 0x000000001ac5f800 Exception <a 'java/lang/ClassNotFoundException': com/android/builder/core/AbstractBuildTypeCustomizer> (0x00000000d8849978) thrown at [C:\src\AOSP-openjdk-git\hotspot\src\share\vm\classfile\systemDictionary.cpp, line 210]
Event: 18.077 Thread 0x000000001ac5f800 Exception <a 'java/lang/ClassNotFoundException': com/android/build/gradle/internal/dsl/BuildTypeCustomizer> (0x00000000d88937e0) thrown at [C:\src\AOSP-openjdk-git\hotspot\src\share\vm\classfile\systemDictionary.cpp, line 210]
Event: 18.163 Thread 0x000000001ac5f800 Exception <a 'java/lang/ClassNotFoundException': com/android/build/gradle/internal/dsl/BuildType_DecoratedCustomizer> (0x00000000d8966700) thrown at [C:\src\AOSP-openjdk-git\hotspot\src\share\vm\classfile\systemDictionary.cpp, line 210]

Events (10 events):
Event: 18.036 loading class com/android/builder/core/AbstractBuildTypeCustomizer
Event: 18.036 loading class com/android/builder/core/AbstractBuildTypeCustomizer done
Event: 18.055 loading class com/android/build/gradle/internal/dsl/BuildTypeCustomizer
Event: 18.055 loading class com/android/build/gradle/internal/dsl/BuildTypeCustomizer done
Event: 18.064 loading class com/android/build/gradle/internal/dsl/BuildTypeCustomizer
Event: 18.064 loading class com/android/build/gradle/internal/dsl/BuildTypeCustomizer done
Event: 18.149 loading class com/android/build/gradle/internal/dsl/BuildType_DecoratedCustomizer
Event: 18.149 loading class com/android/build/gradle/internal/dsl/BuildType_DecoratedCustomizer done
Event: 18.162 loading class com/android/build/gradle/internal/dsl/BuildType_DecoratedCustomizer
Event: 18.162 loading class com/android/build/gradle/internal/dsl/BuildType_DecoratedCustomizer done


Dynamic libraries:
0x00007ff7c7b20000 - 0x00007ff7c7b51000 	D:\Android\Android Studio\jre\bin\java.exe
0x00007fff1e270000 - 0x00007fff1e465000 	C:\WINDOWS\SYSTEM32\ntdll.dll
0x00007ffef70d0000 - 0x00007ffef70e3000 	C:\Program Files\AVG\Antivirus\aswhook.dll
0x00007fff1de50000 - 0x00007fff1df0d000 	C:\WINDOWS\System32\KERNEL32.DLL
0x00007fff1bb40000 - 0x00007fff1be08000 	C:\WINDOWS\System32\KERNELBASE.dll
0x00007fff1c5a0000 - 0x00007fff1c64c000 	C:\WINDOWS\System32\ADVAPI32.dll
0x00007fff1d700000 - 0x00007fff1d79e000 	C:\WINDOWS\System32\msvcrt.dll
0x00007fff1c6c0000 - 0x00007fff1c75b000 	C:\WINDOWS\System32\sechost.dll
0x00007fff1c470000 - 0x00007fff1c59b000 	C:\WINDOWS\System32\RPCRT4.dll
0x00007fff1d560000 - 0x00007fff1d700000 	C:\WINDOWS\System32\USER32.dll
0x00007fff1c0f0000 - 0x00007fff1c112000 	C:\WINDOWS\System32\win32u.dll
0x00007fff1e040000 - 0x00007fff1e06a000 	C:\WINDOWS\System32\GDI32.dll
0x00007fff1be90000 - 0x00007fff1bf9b000 	C:\WINDOWS\System32\gdi32full.dll
0x00007fff1c1d0000 - 0x00007fff1c26d000 	C:\WINDOWS\System32\msvcp_win.dll
0x00007fff1bff0000 - 0x00007fff1c0f0000 	C:\WINDOWS\System32\ucrtbase.dll
0x00007fff0ee20000 - 0x00007fff0f0ba000 	C:\WINDOWS\WinSxS\amd64_microsoft.windows.common-controls_6595b64144ccf1df_6.0.19041.844_none_ca00b6081b84eb1d\COMCTL32.dll
0x00007fff1dc10000 - 0x00007fff1dc40000 	C:\WINDOWS\System32\IMM32.DLL
0x0000000052810000 - 0x00000000528e2000 	D:\Android\Android Studio\jre\jre\bin\msvcr100.dll
0x0000000051d80000 - 0x00000000525cb000 	D:\Android\Android Studio\jre\jre\bin\server\jvm.dll
0x00007fff1e070000 - 0x00007fff1e078000 	C:\WINDOWS\System32\PSAPI.DLL
0x00007fff13710000 - 0x00007fff1371a000 	C:\WINDOWS\SYSTEM32\VERSION.dll
0x00007fff10480000 - 0x00007fff104a7000 	C:\WINDOWS\SYSTEM32\WINMM.dll
0x00007fff0fbb0000 - 0x00007fff0fbb9000 	C:\WINDOWS\SYSTEM32\WSOCK32.dll
0x00007fff1c650000 - 0x00007fff1c6bb000 	C:\WINDOWS\System32\WS2_32.dll
0x00007fff15ee0000 - 0x00007fff15eef000 	D:\Android\Android Studio\jre\jre\bin\verify.dll
0x00007fff0b8b0000 - 0x00007fff0b8d9000 	D:\Android\Android Studio\jre\jre\bin\java.dll
0x00007fff14c40000 - 0x00007fff14c56000 	D:\Android\Android Studio\jre\jre\bin\zip.dll
0x00007fff1c7f0000 - 0x00007fff1cf32000 	C:\WINDOWS\System32\SHELL32.dll
0x00007fff190c0000 - 0x00007fff19850000 	C:\WINDOWS\SYSTEM32\windows.storage.dll
0x00007fff1d1f0000 - 0x00007fff1d545000 	C:\WINDOWS\System32\combase.dll
0x00007fff1b350000 - 0x00007fff1b37c000 	C:\WINDOWS\SYSTEM32\Wldp.dll
0x00007fff1df90000 - 0x00007fff1e03e000 	C:\WINDOWS\System32\SHCORE.dll
0x00007fff1d130000 - 0x00007fff1d185000 	C:\WINDOWS\System32\shlwapi.dll
0x00007fff1b8f0000 - 0x00007fff1b90f000 	C:\WINDOWS\SYSTEM32\profapi.dll
0x00007fff159a0000 - 0x00007fff159ba000 	D:\Android\Android Studio\jre\jre\bin\net.dll
0x00007fff1b0c0000 - 0x00007fff1b12a000 	C:\WINDOWS\system32\mswsock.dll
0x00007fff07e80000 - 0x00007fff07e93000 	D:\Android\Android Studio\jre\jre\bin\nio.dll
0x00007fff0b850000 - 0x00007fff0b877000 	C:\Users\rarhn\.gradle\native\f6784746aeab05261644944871eae4fe03e0ef1612fff0a4a95f87b438bc6780\windows-amd64\native-platform.dll
0x00007fff15b90000 - 0x00007fff15b9d000 	D:\Android\Android Studio\jre\jre\bin\management.dll
0x00007fff1b2a0000 - 0x00007fff1b2b8000 	C:\WINDOWS\SYSTEM32\CRYPTSP.dll
0x00007fff1aa60000 - 0x00007fff1aa94000 	C:\WINDOWS\system32\rsaenh.dll
0x00007fff1b9b0000 - 0x00007fff1b9d7000 	C:\WINDOWS\System32\bcrypt.dll
0x00007fff1b870000 - 0x00007fff1b89e000 	C:\WINDOWS\SYSTEM32\USERENV.dll
0x00007fff1be10000 - 0x00007fff1be90000 	C:\WINDOWS\System32\bcryptprimitives.dll
0x00007fff1b290000 - 0x00007fff1b29c000 	C:\WINDOWS\SYSTEM32\CRYPTBASE.dll
0x00007fff1adb0000 - 0x00007fff1adeb000 	C:\WINDOWS\SYSTEM32\IPHLPAPI.DLL
0x00007fff1d550000 - 0x00007fff1d558000 	C:\WINDOWS\System32\NSI.dll
0x00007fff11ae0000 - 0x00007fff11af7000 	C:\WINDOWS\SYSTEM32\dhcpcsvc6.DLL
0x00007fff123b0000 - 0x00007fff123cd000 	C:\WINDOWS\SYSTEM32\dhcpcsvc.DLL
0x00007fff1adf0000 - 0x00007fff1aebc000 	C:\WINDOWS\SYSTEM32\DNSAPI.dll
0x00007fff12a60000 - 0x00007fff12a6b000 	C:\WINDOWS\SYSTEM32\WINNSI.DLL

VM Arguments:
jvm_args: -Xmx2048m -Dfile.encoding=UTF-8 -Duser.country=US -Duser.language=en -Duser.variant 
java_command: org.gradle.launcher.daemon.bootstrap.GradleDaemon 6.5
java_class_path (initial): C:\Users\rarhn\.gradle\wrapper\dists\gradle-6.5-bin\6nifqtx7604sqp1q6g8wikw7p\gradle-6.5\lib\gradle-launcher-6.5.jar
Launcher Type: SUN_STANDARD

Environment Variables:
PATH=D:\MATLAB\R2019b\bin;D:\MATLAB\R2019b\bin\win64;C:\Program Files\AdoptOpenJDK\jdk-8.0.242.08-hotspot\bin;C:\Program Files (x86)\Common Files\Oracle\Java\javapath;C:\WINDOWS\system32;C:\WINDOWS;C:\WINDOWS\System32\Wbem;C:\WINDOWS\System32\WindowsPowerShell\v1.0\;C:\Program Files (x86)\Common Files\lenovo\easyplussdk\bin;C:\Program Files\Intel\WiFi\bin\;C:\Program Files\Common Files\Intel\WirelessCommon\;C:\WINDOWS\System32\OpenSSH\;C:\Program Files (x86)\STMicroelectronics\STM32 ST-LINK Utility\ST-LINK Utility;C:\Program Files (x86)\sbt\bin;D:\MATLAB\R2020a\runtime\win64;D:\MATLAB\R2020a\bin;C:\Users\rarhn\AppData\Local\Microsoft\WindowsApps;D:\JetBrains\IntelliJ IDEA 2019.3.2\bin;C:\WINDOWS\system32;C:\WINDOWS;C:\WINDOWS\System32\Wbem;C:\WINDOWS\System32\WindowsPowerShell\v1.0\;C:\WINDOWS\System32\OpenSSH\;C:\Program Files\Git\cmd;C:\Users\rarhn\AppData\Local\Microsoft\WindowsApps;C:\Users\rarhn\AppData\Local\Microsoft\WindowsApps;D:\JetBrains\IntelliJ IDEA 2019.3.2\bin;;C:\Users\rarhn\AppData\Local\GitHubDesktop\bin
USERNAME=rarhn
OS=Windows_NT
PROCESSOR_IDENTIFIER=Intel64 Family 6 Model 61 Stepping 4, GenuineIntel



---------------  S Y S T E M  ---------------

OS: Windows 10.0 , 64 bit Build 19041 (10.0.19041.928)

CPU:total 4 (initial active 4) (2 cores per cpu, 2 threads per core) family 6 model 61 stepping 4, cmov, cx8, fxsr, mmx, sse, sse2, sse3, ssse3, sse4.1, sse4.2, popcnt, avx, avx2, aes, clmul, erms, 3dnowpref, lzcnt, ht, tsc, tscinvbit, bmi1, bmi2, adx

Memory: 4k page, physical 8300384k(217880k free), swap 21092828k(3052k free)

vm_info: OpenJDK 64-Bit Server VM (25.242-b01) for windows-amd64 JRE (1.8.0_242-release-1644-b01), built by "builder" with MS VC++ 10.0 (VS2010)

time: Mon Jun 07 01:11:43 2021
timezone: Central European Daylight Time
elapsed time: 18 seconds (0d 0h 0m 18s)

